05/21/2013 09:31:40PM Configuration has been updated. 
05/21/2013 09:32:34PM Configuration has been updated. 
05/21/2013 09:34:15PM Configuration has been updated. 
05/21/2013 09:40:05PM Configuration has been updated. 
05/21/2013 09:44:49PM Configuration has been updated. 
05/21/2013 10:18:34PM Configuration has been updated. 
05/21/2013 10:18:42PM Configuration has been updated. 
06/07/2013 04:09:51PM Configuration has been updated. 
06/07/2013 04:10:08PM Crawling Started. 
06/07/2013 04:10:08PM Uploader thread started. 
06/07/2013 04:10:08PM Crawler thread started. 
06/07/2013 04:10:13PM Crawling Started. 
06/07/2013 04:10:13PM Uploader thread started. 
06/07/2013 04:10:13PM Crawler thread started. 
06/07/2013 04:10:14PM Crawling Started. 
06/07/2013 04:10:14PM Uploader thread started. 
06/07/2013 04:10:14PM Crawler thread started. 
06/07/2013 04:10:14PM Crawling Started. 
06/07/2013 04:10:14PM Uploader thread started. 
06/07/2013 04:10:14PM Crawler thread started. 
06/07/2013 04:10:14PM Crawling Started. 
06/07/2013 04:10:14PM Uploader thread started. 
06/07/2013 04:10:14PM Crawler thread started. 
06/07/2013 04:10:15PM Crawling Started. 
06/07/2013 04:10:15PM Uploader thread started. 
06/07/2013 04:10:15PM Crawler thread started. 
06/07/2013 04:10:15PM Crawling Started. 
06/07/2013 04:10:15PM Uploader thread started. 
06/07/2013 04:10:15PM Crawler thread started. 
06/07/2013 04:10:15PM Crawling Started. 
06/07/2013 04:10:15PM Uploader thread started. 
06/07/2013 04:10:15PM Crawler thread started. 
06/07/2013 04:12:05PM Configuration has been updated. 
06/07/2013 04:12:22PM Configuration has been updated. 
06/07/2013 04:53:46PM Crawling Started. 
06/07/2013 04:53:46PM Uploader thread started. 
06/07/2013 04:53:46PM Crawler thread started. 
06/07/2013 04:54:59PM Crawling Started. 
06/07/2013 04:55:32PM Crawling Started. 
06/07/2013 05:00:56PM Crawling Started. 
06/07/2013 05:03:47PM Crawling Started. 
06/07/2013 05:08:28PM Crawling Started. 
06/07/2013 05:16:02PM Crawling Started. 
06/07/2013 05:19:07PM Crawling Started. 
06/07/2013 05:19:51PM Crawling Started. 
06/07/2013 05:21:24PM Crawling Started. 
06/07/2013 05:21:58PM Crawling Started. 
06/07/2013 05:25:12PM Crawling Started. 
06/07/2013 05:26:11PM Crawling Started. 
06/07/2013 05:33:20PM Crawling Started. 
06/07/2013 05:34:43PM Crawling Started. 
06/07/2013 05:36:06PM Crawling Started. 
06/07/2013 05:39:20PM Crawling Started. 
06/07/2013 07:08:26PM Crawling Started. 
06/07/2013 07:27:33PM Crawling Started. 
06/07/2013 07:33:29PM Crawling Started. 
06/07/2013 07:39:24PM Crawling Started. 
06/07/2013 08:02:27PM Crawling Started. 
06/07/2013 08:28:15PM Configuration has been updated. 
06/07/2013 08:28:49PM Crawling Started. 
06/07/2013 09:53:57PM Crawling Started. 
06/07/2013 10:03:58PM Crawling Started. 
06/07/2013 10:06:50PM Crawling Started. 
06/07/2013 10:08:37PM Crawling Started. 
06/07/2013 10:12:39PM Crawling Started. 
06/07/2013 10:16:03PM Crawling Started. 
06/07/2013 10:19:18PM Crawling Started. 
06/07/2013 10:23:02PM Crawling Started. 
06/07/2013 10:30:30PM Crawling Started. 
06/08/2013 12:48:25AM Crawling Started. 
06/08/2013 12:51:39AM Crawling Started. 
06/08/2013 12:58:09AM Crawling Started. 
06/14/2013 12:34:36PM Crawling Started. 
06/14/2013 08:01:17PM Crawling Started. 
06/14/2013 08:03:03PM Crawling Started. 
06/14/2013 08:09:45PM Crawling Started. 
06/14/2013 08:15:26PM Crawling Started. 
06/14/2013 08:20:41PM Crawling Started. 
06/14/2013 08:26:26PM Crawling Started. 
06/14/2013 08:40:03PM Crawling Started. 
06/15/2013 02:48:03AM Crawling Started. 
06/15/2013 03:17:46AM Crawling Started. 
06/15/2013 09:47:50PM Crawling Started. 
06/15/2013 09:56:11PM Crawling Started. 
06/15/2013 10:08:46PM Crawling Started. 
06/15/2013 10:21:25PM Crawling Started. 
06/15/2013 10:44:12PM Crawling Started. 
06/15/2013 11:00:42PM Crawling Started. 
06/17/2013 09:28:19PM Crawling Started. 
06/18/2013 12:10:05AM Crawling Started. 
06/19/2013 01:18:33AM Crawling Started. 
06/19/2013 01:33:16AM Crawling Started. 
06/19/2013 01:46:16AM Crawling Started. 
06/19/2013 11:20:38AM Crawling Started. 
06/19/2013 11:23:52AM Crawling Started. 
06/19/2013 12:13:24PM Crawling Started. 
06/19/2013 12:18:54PM Crawling Started. 
06/19/2013 01:43:00PM Crawling Started. 
06/19/2013 01:50:15PM Crawling Started. 
06/19/2013 01:56:28PM Crawling Started. 
06/19/2013 02:02:53PM Crawling Started. 
06/19/2013 09:51:51PM Crawling Started. 
06/19/2013 11:59:03PM Crawling Started. 
06/21/2013 04:47:48PM Crawling Started. 
07/02/2013 09:52:48PM Crawling Started. 
07/02/2013 10:01:53PM Crawling Started. 
07/02/2013 10:06:27PM Crawling Started. 
07/07/2013 09:10:06PM Crawling Started. 
07/07/2013 09:11:11PM Crawling Started. 
07/07/2013 09:43:39PM Crawling Started. 
07/07/2013 09:43:56PM Crawling Started. 
07/07/2013 10:20:45PM Crawling Started. 
